0 info it worked if it ends with ok
1 verbose cli [ '/usr/local/Cellar/node/6.1.0/bin/node',
1 verbose cli   '/Users/StevenTruesdell/.npm-packages/bin/npm',
1 verbose cli   'start' ]
2 info using npm@3.8.8
3 info using node@v6.1.0
4 verbose run-script [ 'prestart', 'start', 'poststart' ]
5 info lifecycle nasa@1.0.0~prestart: nasa@1.0.0
6 silly lifecycle nasa@1.0.0~prestart: no script for prestart, continuing
7 info lifecycle nasa@1.0.0~start: nasa@1.0.0
8 verbose lifecycle nasa@1.0.0~start: unsafe-perm in lifecycle true
9 verbose lifecycle nasa@1.0.0~start: PATH: /Users/StevenTruesdell/.npm-packages/lib/node_modules/npm/bin/node-gyp-bin:/Users/StevenTruesdell/Projects/nasa/node_modules/.bin:/usr/local/Cellar/node/6.1.0/bin:/Users/StevenTruesdell/.rvm/bin:/Users/StevenTruesdell/.rvm/gems/ruby-2.2.3/bin:/Users/StevenTruesdell/.rvm/gems/ruby-2.2.3@global/bin:/Users/StevenTruesdell/.rvm/rubies/ruby-2.2.3/bin:/Users/StevenTruesdell/.npm-packages/bin:/usr/local/bin:/usr/local/sbin:/usr/local/opt/ruby/bin:/usr/local/lib/python2.7/site-packages:/usr/local/share/npm/bin:/usr/bin:/usr/sbin:/bin:/sbin:/Users/StevenTruesdell/golang/bin:/usr/local/opt/go/libexec/bin:/Users/StevenTruesdell/.composer/vendor/bin:/Users/StevenTruesdell/.fzf/bin
10 verbose lifecycle nasa@1.0.0~start: CWD: /Users/StevenTruesdell/Projects/nasa
11 silly lifecycle nasa@1.0.0~start: Args: [ '-c', 'babel-node src/server/index.js -- nodemon' ]
12 silly lifecycle nasa@1.0.0~start: Returned: code: 1  signal: null
13 info lifecycle nasa@1.0.0~start: Failed to exec start script
14 verbose stack Error: nasa@1.0.0 start: `babel-node src/server/index.js -- nodemon`
14 verbose stack Exit status 1
14 verbose stack     at EventEmitter.<anonymous> (/Users/StevenTruesdell/.npm-packages/lib/node_modules/npm/lib/utils/lifecycle.js:244:16)
14 verbose stack     at emitTwo (events.js:106:13)
14 verbose stack     at EventEmitter.emit (events.js:191:7)
14 verbose stack     at ChildProcess.<anonymous> (/Users/StevenTruesdell/.npm-packages/lib/node_modules/npm/lib/utils/spawn.js:24:14)
14 verbose stack     at emitTwo (events.js:106:13)
14 verbose stack     at ChildProcess.emit (events.js:191:7)
14 verbose stack     at maybeClose (internal/child_process.js:850:16)
14 verbose stack     at Process.ChildProcess._handle.onexit (internal/child_process.js:215:5)
15 verbose pkgid nasa@1.0.0
16 verbose cwd /Users/StevenTruesdell/Projects/nasa
17 error Darwin 15.5.0
18 error argv "/usr/local/Cellar/node/6.1.0/bin/node" "/Users/StevenTruesdell/.npm-packages/bin/npm" "start"
19 error node v6.1.0
20 error npm  v3.8.8
21 error code ELIFECYCLE
22 error nasa@1.0.0 start: `babel-node src/server/index.js -- nodemon`
22 error Exit status 1
23 error Failed at the nasa@1.0.0 start script 'babel-node src/server/index.js -- nodemon'.
23 error Make sure you have the latest version of node.js and npm installed.
23 error If you do, this is most likely a problem with the nasa package,
23 error not with npm itself.
23 error Tell the author that this fails on your system:
23 error     babel-node src/server/index.js -- nodemon
23 error You can get information on how to open an issue for this project with:
23 error     npm bugs nasa
23 error Or if that isn't available, you can get their info via:
23 error     npm owner ls nasa
23 error There is likely additional logging output above.
24 verbose exit [ 1, true ]
